<?xml version="1.0" encoding="UTF-8"?>
<testng-results ignored="0" total="1" passed="1" failed="0" skipped="0">
  <reporter-output>
  </reporter-output>
  <suite started-at="2026-02-17T15:55:10 IST" name="Suite" finished-at="2026-02-17T15:55:25 IST" duration-ms="14839">
    <groups>
    </groups>
    <test started-at="2026-02-17T15:55:10 IST" name="Test" finished-at="2026-02-17T15:55:25 IST" duration-ms="14839">
      <class name="LoginPagePW.Main">
        <test-method signature="runNewEnquiryFromExcel()[pri:0, instance:LoginPagePW.Main@29626d54]" started-at="2026-02-17T15:55:10 IST" name="runNewEnquiryFromExcel" finished-at="2026-02-17T15:55:25 IST" duration-ms="14797" status="PASS">
          <reporter-output>
          </reporter-output>
        </test-method> <!-- runNewEnquiryFromExcel -->
      </class> <!-- LoginPagePW.Main -->
    </test> <!-- Test -->
  </suite> <!-- Suite -->
</testng-results>
