<?xml version="1.0" encoding="UTF-8"?>
<testng-results ignored="0" total="1" passed="1" failed="0" skipped="0">
  <reporter-output>
  </reporter-output>
  <suite started-at="2026-03-12T16:42:06 IST" name="Default suite" finished-at="2026-03-12T16:43:34 IST" duration-ms="88015">
    <groups>
    </groups>
    <test started-at="2026-03-12T16:42:06 IST" name="Default test" finished-at="2026-03-12T16:43:34 IST" duration-ms="88015">
      <class name="LoginPagePW.Main">
        <test-method signature="runNewEnquiryFromExcel()[pri:0, instance:LoginPagePW.Main@29626d54]" started-at="2026-03-12T16:42:06 IST" name="runNewEnquiryFromExcel" finished-at="2026-03-12T16:43:34 IST" duration-ms="87964" status="PASS">
          <reporter-output>
          </reporter-output>
        </test-method> <!-- runNewEnquiryFromExcel -->
      </class> <!-- LoginPagePW.Main -->
    </test> <!-- Default test -->
  </suite> <!-- Default suite -->
</testng-results>
