<?xml version="1.0" encoding="UTF-8"?>
<!-- Generated by org.testng.reporters.JUnitReportReporter -->
<testsuite hostname="DESKTOP-I0Q3M48" failures="1" tests="1" name="LoginPagePW.MainClassInspection" time="28.797" errors="0" timestamp="2026-02-04T11:08:12 IST" skipped="0">
  <testcase classname="LoginPagePW.MainClassInspection" name="runNewEnquiryFromExcel" time="28.797">
    <failure message="Inspection failed | Error {
  message=&#039;Target page, context or browser has been closed
  name=&#039;TargetClosedError
  stack=&#039;TargetClosedError: Target page, context or browser has been closed
    at DispatcherConnection.dispatch (C:\Users\ACS-90\AppData\Local\Temp\playwright-java-4343526398057346336\package\lib\server\dispatchers\dispatcher.js:273:44)
    at transport.onmessage (C:\Users\ACS-90\AppData\Local\Temp\playwright-java-4343526398057346336\package\lib\cli\driver.js:52:57)
    at Immediate._onImmediate (C:\Users\ACS-90\AppData\Local\Temp\playwright-java-4343526398057346336\package\lib\protocol\transport.js:77:34)
    at process.processImmediate (node:internal/timers:478:21)
}" type="java.lang.AssertionError">
      <![CDATA[java.lang.AssertionError: Inspection failed | Error {
  message='Target page, context or browser has been closed
  name='TargetClosedError
  stack='TargetClosedError: Target page, context or browser has been closed
    at DispatcherConnection.dispatch (C:\Users\ACS-90\AppData\Local\Temp\playwright-java-4343526398057346336\package\lib\server\dispatchers\dispatcher.js:273:44)
    at transport.onmessage (C:\Users\ACS-90\AppData\Local\Temp\playwright-java-4343526398057346336\package\lib\cli\driver.js:52:57)
    at Immediate._onImmediate (C:\Users\ACS-90\AppData\Local\Temp\playwright-java-4343526398057346336\package\lib\protocol\transport.js:77:34)
    at process.processImmediate (node:internal/timers:478:21)
}
at org.testng.Assert.fail(Assert.java:99)
at LoginPagePW.MainClassInspection.runNewEnquiryFromExcel(MainClassInspection.java:73)
at java.base/jdk.internal.reflect.NativeMethodAccessorImpl.invoke0(Native Method)
at java.base/jdk.internal.reflect.NativeMethodAccessorImpl.invoke(NativeMethodAccessorImpl.java:77)
at java.base/jdk.internal.reflect.DelegatingMethodAccessorImpl.invoke(DelegatingMethodAccessorImpl.java:43)
at java.base/java.lang.reflect.Method.invoke(Method.java:568)
at org.testng.internal.MethodInvocationHelper.invokeMethod(MethodInvocationHelper.java:133)
at org.testng.internal.TestInvoker.invokeMethod(TestInvoker.java:598)
at org.testng.internal.TestInvoker.invokeTestMethod(TestInvoker.java:173)
at org.testng.internal.MethodRunner.runInSequence(MethodRunner.java:46)
at org.testng.internal.TestInvoker$MethodInvocationAgent.invoke(TestInvoker.java:824)
at org.testng.internal.TestInvoker.invokeTestMethods(TestInvoker.java:146)
at org.testng.internal.TestMethodWorker.invokeTestMethods(TestMethodWorker.java:146)
at org.testng.internal.TestMethodWorker.run(TestMethodWorker.java:128)
at java.base/java.util.ArrayList.forEach(ArrayList.java:1511)
at org.testng.TestRunner.privateRun(TestRunner.java:794)
at org.testng.TestRunner.run(TestRunner.java:596)
at org.testng.SuiteRunner.runTest(SuiteRunner.java:377)
at org.testng.SuiteRunner.runSequentially(SuiteRunner.java:371)
at org.testng.SuiteRunner.privateRun(SuiteRunner.java:332)
at org.testng.SuiteRunner.run(SuiteRunner.java:276)
at org.testng.SuiteRunnerWorker.runSuite(SuiteRunnerWorker.java:53)
at org.testng.SuiteRunnerWorker.run(SuiteRunnerWorker.java:96)
at org.testng.TestNG.runSuitesSequentially(TestNG.java:1212)
at org.testng.TestNG.runSuitesLocally(TestNG.java:1134)
at org.testng.TestNG.runSuites(TestNG.java:1063)
at org.testng.TestNG.run(TestNG.java:1031)
at org.testng.remote.AbstractRemoteTestNG.run(AbstractRemoteTestNG.java:115)
at org.testng.remote.RemoteTestNG.initAndRun(RemoteTestNG.java:293)
at org.testng.remote.RemoteTestNG.main(RemoteTestNG.java:91)
]]>
    </failure>
  </testcase> <!-- runNewEnquiryFromExcel -->
  <system-out/>
</testsuite> <!-- LoginPagePW.MainClassInspection -->
